{"C:\\Users\\domin\\OneDrive\\Documentos\\UVG\\2025\\S5\\ingSOFTWARE\\PROYECTO\\Backend_ISoftware1\\src\\controllers\\authController.js": {"path":"C:\\Users\\domin\\OneDrive\\Documentos\\UVG\\2025\\S5\\ingSOFTWARE\\PROYECTO\\Backend_ISoftware1\\src\\controllers\\authController.js","statementMap":{"0":{"start":{"line":1,"column":13},"end":{"line":1,"column":36}},"1":{"start":{"line":2,"column":15},"end":{"line":2,"column":32}},"2":{"start":{"line":3,"column":12},"end":{"line":3,"column":35}},"3":{"start":{"line":6,"column":21},"end":{"line":56,"column":1}},"4":{"start":{"line":7,"column":40},"end":{"line":7,"column":48}},"5":{"start":{"line":9,"column":2},"end":{"line":11,"column":3}},"6":{"start":{"line":10,"column":4},"end":{"line":10,"column":71}},"7":{"start":{"line":13,"column":2},"end":{"line":55,"column":3}},"8":{"start":{"line":15,"column":25},"end":{"line":15,"column":93}},"9":{"start":{"line":16,"column":4},"end":{"line":18,"column":5}},"10":{"start":{"line":17,"column":6},"end":{"line":17,"column":77}},"11":{"start":{"line":21,"column":27},"end":{"line":21,"column":58}},"12":{"start":{"line":24,"column":19},"end":{"line":28,"column":5}},"13":{"start":{"line":30,"column":17},"end":{"line":30,"column":31}},"14":{"start":{"line":33,"column":18},"end":{"line":35,"column":6}},"15":{"start":{"line":38,"column":4},"end":{"line":43,"column":7}},"16":{"start":{"line":46,"column":4},"end":{"line":50,"column":7}},"17":{"start":{"line":53,"column":4},"end":{"line":53,"column":64}},"18":{"start":{"line":54,"column":4},"end":{"line":54,"column":69}},"19":{"start":{"line":59,"column":18},"end":{"line":95,"column":1}},"20":{"start":{"line":60,"column":30},"end":{"line":60,"column":38}},"21":{"start":{"line":62,"column":2},"end":{"line":94,"column":3}},"22":{"start":{"line":63,"column":19},"end":{"line":63,"column":87}},"23":{"start":{"line":65,"column":4},"end":{"line":66,"column":72}},"24":{"start":{"line":66,"column":6},"end":{"line":66,"column":72}},"25":{"start":{"line":68,"column":17},"end":{"line":68,"column":31}},"26":{"start":{"line":69,"column":26},"end":{"line":69,"column":73}},"27":{"start":{"line":71,"column":4},"end":{"line":72,"column":72}},"28":{"start":{"line":72,"column":6},"end":{"line":72,"column":72}},"29":{"start":{"line":74,"column":18},"end":{"line":76,"column":6}},"30":{"start":{"line":78,"column":4},"end":{"line":83,"column":7}},"31":{"start":{"line":85,"column":4},"end":{"line":89,"column":7}},"32":{"start":{"line":92,"column":4},"end":{"line":92,"column":44}},"33":{"start":{"line":93,"column":4},"end":{"line":93,"column":65}},"34":{"start":{"line":98,"column":20},"end":{"line":122,"column":1}},"35":{"start":{"line":99,"column":16},"end":{"line":99,"column":33}},"36":{"start":{"line":101,"column":2},"end":{"line":102,"column":63}},"37":{"start":{"line":102,"column":4},"end":{"line":102,"column":63}},"38":{"start":{"line":104,"column":2},"end":{"line":121,"column":5}},"39":{"start":{"line":105,"column":4},"end":{"line":105,"column":72}},"40":{"start":{"line":105,"column":13},"end":{"line":105,"column":72}},"41":{"start":{"line":107,"column":4},"end":{"line":120,"column":5}},"42":{"start":{"line":108,"column":21},"end":{"line":108,"column":91}},"43":{"start":{"line":109,"column":19},"end":{"line":109,"column":33}},"44":{"start":{"line":111,"column":6},"end":{"line":111,"column":83}},"45":{"start":{"line":111,"column":17},"end":{"line":111,"column":83}},"46":{"start":{"line":113,"column":6},"end":{"line":117,"column":9}},"47":{"start":{"line":119,"column":6},"end":{"line":119,"column":62}},"48":{"start":{"line":125,"column":19},"end":{"line":128,"column":1}},"49":{"start":{"line":126,"column":2},"end":{"line":126,"column":27}},"50":{"start":{"line":127,"column":2},"end":{"line":127,"column":56}},"51":{"start":{"line":130,"column":0},"end":{"line":135,"column":2}}},"fnMap":{"0":{"name":"(anonymous_0)","decl":{"start":{"line":6,"column":21},"end":{"line":6,"column":22}},"loc":{"start":{"line":6,"column":41},"end":{"line":56,"column":1}},"line":6},"1":{"name":"(anonymous_1)","decl":{"start":{"line":59,"column":18},"end":{"line":59,"column":19}},"loc":{"start":{"line":59,"column":38},"end":{"line":95,"column":1}},"line":59},"2":{"name":"(anonymous_2)","decl":{"start":{"line":98,"column":20},"end":{"line":98,"column":21}},"loc":{"start":{"line":98,"column":40},"end":{"line":122,"column":1}},"line":98},"3":{"name":"(anonymous_3)","decl":{"start":{"line":104,"column":47},"end":{"line":104,"column":48}},"loc":{"start":{"line":104,"column":71},"end":{"line":121,"column":3}},"line":104},"4":{"name":"(anonymous_4)","decl":{"start":{"line":125,"column":19},"end":{"line":125,"column":20}},"loc":{"start":{"line":125,"column":33},"end":{"line":128,"column":1}},"line":125}},"branchMap":{"0":{"loc":{"start":{"line":9,"column":2},"end":{"line":11,"column":3}},"type":"if","locations":[{"start":{"line":9,"column":2},"end":{"line":11,"column":3}},{"start":{},"end":{}}],"line":9},"1":{"loc":{"start":{"line":9,"column":6},"end":{"line":9,"column":38}},"type":"binary-expr","locations":[{"start":{"line":9,"column":6},"end":{"line":9,"column":15}},{"start":{"line":9,"column":19},"end":{"line":9,"column":25}},{"start":{"line":9,"column":29},"end":{"line":9,"column":38}}],"line":9},"2":{"loc":{"start":{"line":16,"column":4},"end":{"line":18,"column":5}},"type":"if","locations":[{"start":{"line":16,"column":4},"end":{"line":18,"column":5}},{"start":{},"end":{}}],"line":16},"3":{"loc":{"start":{"line":65,"column":4},"end":{"line":66,"column":72}},"type":"if","locations":[{"start":{"line":65,"column":4},"end":{"line":66,"column":72}},{"start":{},"end":{}}],"line":65},"4":{"loc":{"start":{"line":71,"column":4},"end":{"line":72,"column":72}},"type":"if","locations":[{"start":{"line":71,"column":4},"end":{"line":72,"column":72}},{"start":{},"end":{}}],"line":71},"5":{"loc":{"start":{"line":101,"column":2},"end":{"line":102,"column":63}},"type":"if","locations":[{"start":{"line":101,"column":2},"end":{"line":102,"column":63}},{"start":{},"end":{}}],"line":101},"6":{"loc":{"start":{"line":105,"column":4},"end":{"line":105,"column":72}},"type":"if","locations":[{"start":{"line":105,"column":4},"end":{"line":105,"column":72}},{"start":{},"end":{}}],"line":105},"7":{"loc":{"start":{"line":111,"column":6},"end":{"line":111,"column":83}},"type":"if","locations":[{"start":{"line":111,"column":6},"end":{"line":111,"column":83}},{"start":{},"end":{}}],"line":111}},"s":{"0":1,"1":1,"2":1,"3":1,"4":0,"5":0,"6":0,"7":0,"8":0,"9":0,"10":0,"11":0,"12":0,"13":0,"14":0,"15":0,"16":0,"17":0,"18":0,"19":1,"20":1,"21":1,"22":1,"23":1,"24":0,"25":1,"26":1,"27":1,"28":1,"29":0,"30":0,"31":0,"32":0,"33":0,"34":1,"35":0,"36":0,"37":0,"38":0,"39":0,"40":0,"41":0,"42":0,"43":0,"44":0,"45":0,"46":0,"47":0,"48":1,"49":0,"50":0,"51":1},"f":{"0":0,"1":1,"2":0,"3":0,"4":0},"b":{"0":[0,0],"1":[0,0,0],"2":[0,0],"3":[0,1],"4":[1,0],"5":[0,0],"6":[0,0],"7":[0,0]},"_coverageSchema":"1a1c01bbd47fc00a2c39e90264f33305004495a9","hash":"2efdeba917f487a37ab1817f51505da54e31348d"}
}
