TN:
SF:src\app.js
FNF:0
FNH:0
DA:3,3
DA:4,3
DA:5,3
DA:6,3
DA:8,3
DA:9,3
DA:13,3
DA:14,3
DA:17,3
DA:18,3
DA:19,3
DA:20,3
DA:22,3
DA:23,3
DA:24,3
DA:25,3
DA:27,3
LF:17
LH:17
BRF:0
BRH:0
end_of_record
TN:
SF:src\config\db.js
FNF:0
FNH:0
DA:1,0
DA:2,0
DA:4,0
DA:12,0
LF:4
LH:0
BRF:0
BRH:0
end_of_record
TN:
SF:src\controllers\authController.js
FN:6,(anonymous_0)
FN:59,(anonymous_1)
FN:98,(anonymous_2)
FN:104,(anonymous_3)
FN:125,(anonymous_4)
FNF:5
FNH:2
FNDA:5,(anonymous_0)
FNDA:2,(anonymous_1)
FNDA:0,(anonymous_2)
FNDA:0,(anonymous_3)
FNDA:0,(anonymous_4)
DA:1,3
DA:2,3
DA:3,3
DA:6,3
DA:7,5
DA:9,5
DA:10,2
DA:13,3
DA:15,3
DA:16,3
DA:17,1
DA:21,2
DA:24,2
DA:30,2
DA:33,2
DA:38,1
DA:46,1
DA:53,1
DA:54,1
DA:59,3
DA:60,2
DA:62,2
DA:63,2
DA:65,2
DA:66,1
DA:68,1
DA:69,1
DA:71,1
DA:72,0
DA:74,1
DA:78,1
DA:85,1
DA:92,0
DA:93,0
DA:98,3
DA:99,0
DA:101,0
DA:102,0
DA:104,0
DA:105,0
DA:107,0
DA:108,0
DA:109,0
DA:111,0
DA:113,0
DA:119,0
DA:125,3
DA:126,0
DA:127,0
DA:130,3
LF:50
LH:34
BRDA:9,0,0,2
BRDA:9,0,1,3
BRDA:9,1,0,5
BRDA:9,1,1,4
BRDA:9,1,2,3
BRDA:16,2,0,1
BRDA:16,2,1,2
BRDA:65,3,0,1
BRDA:65,3,1,1
BRDA:71,4,0,0
BRDA:71,4,1,1
BRDA:101,5,0,0
BRDA:101,5,1,0
BRDA:105,6,0,0
BRDA:105,6,1,0
BRDA:111,7,0,0
BRDA:111,7,1,0
BRF:17
BRH:10
end_of_record
TN:
SF:src\controllers\projectController.js
FN:6,(anonymous_0)
FNF:1
FNH:1
FNDA:6,(anonymous_0)
DA:3,3
DA:6,3
DA:7,6
DA:8,6
DA:10,5
DA:11,4
DA:14,1
DA:16,1
DA:17,1
DA:21,3
LF:10
LH:10
BRDA:10,0,0,4
BRDA:10,0,1,1
BRF:2
BRH:2
end_of_record
TN:
SF:src\controllers\proyectosController.js
FN:5,(anonymous_0)
FNF:1
FNH:0
FNDA:0,(anonymous_0)
DA:1,0
DA:2,0
DA:3,0
DA:5,0
DA:6,0
DA:7,0
DA:8,0
DA:12,0
DA:13,0
DA:17,0
LF:10
LH:0
BRF:0
BRH:0
end_of_record
TN:
SF:src\controllers\rolesController.js
FN:3,(anonymous_0)
FNF:1
FNH:0
FNDA:0,(anonymous_0)
DA:1,3
DA:3,3
DA:4,0
DA:5,0
DA:6,0
DA:10,0
DA:11,0
DA:15,3
LF:8
LH:3
BRF:0
BRH:0
end_of_record
TN:
SF:src\middlewares\Middleware.js
FN:3,(anonymous_0)
FNF:1
FNH:0
FNDA:0,(anonymous_0)
DA:1,0
DA:3,0
DA:4,0
DA:5,0
DA:6,0
DA:7,0
DA:9,0
DA:10,0
LF:8
LH:0
BRF:0
BRH:0
end_of_record
TN:
SF:src\routes\authRoutes.js
FNF:0
FNH:0
DA:1,3
DA:2,3
DA:3,3
DA:6,3
DA:9,3
DA:12,3
DA:15,3
DA:17,3
LF:8
LH:8
BRF:0
BRH:0
end_of_record
TN:
SF:src\routes\dbRoutes.js
FNF:0
FNH:0
DA:1,0
DA:2,0
DA:3,0
DA:5,0
DA:7,0
LF:5
LH:0
BRF:0
BRH:0
end_of_record
TN:
SF:src\routes\projectRoutes.js
FNF:0
FNH:0
DA:3,3
DA:4,3
DA:6,3
DA:8,3
DA:10,3
LF:5
LH:5
BRF:0
BRH:0
end_of_record
TN:
SF:src\routes\roleRoute.js
FNF:0
FNH:0
DA:1,3
DA:2,3
DA:3,3
DA:5,3
DA:7,3
LF:5
LH:5
BRF:0
BRH:0
end_of_record
TN:
SF:src\routes\userRoutes.js
FNF:0
FNH:0
DA:1,3
DA:2,3
DA:3,3
DA:6,3
DA:10,3
LF:5
LH:5
BRF:0
BRH:0
end_of_record
